2019-02-14 09:06:48.606  INFO 14209 --- [main] com.hrabbit.admin.FlagleApplication      : Starting FlagleApplication on localhost with PID 14209 (/Users/mrotaku/Documents/private/hrabbit/Flagle/target/classes started by mrotaku in /Users/mrotaku/Documents/private/hrabbit/Flagle)
2019-02-14 09:06:48.616  INFO 14209 --- [main] com.hrabbit.admin.FlagleApplication      : No active profile set, falling back to default profiles: default
2019-02-14 09:06:48.718  INFO 14209 --- [main] ConfigServletWebServerApplicationContext : Refreshing org.springframework.boot.web.servlet.context.AnnotationConfigServletWebServerApplicationContext@666b83a4: startup date [Thu Feb 14 09:06:48 CST 2019]; root of context hierarchy
2019-02-14 09:06:49.865  INFO 14209 --- [main] o.s.b.f.s.DefaultListableBeanFactory     : Overriding bean definition for bean 'druidProperties' with a different definition: replacing [Generic bean: class [com.hrabbit.admin.config.properties.DruidProperties]; scope=singleton; abstract=false; lazyInit=false; autowireMode=0; dependencyCheck=0; autowireCandidate=true; primary=false; factoryBeanName=null; factoryMethodName=null; initMethodName=null; destroyMethodName=null; defined in file [/Users/mrotaku/Documents/private/hrabbit/Flagle/target/classes/com/hrabbit/admin/config/properties/DruidProperties.class]] with [Root bean: class [null]; scope=; abstract=false; lazyInit=false; autowireMode=3; dependencyCheck=0; autowireCandidate=true; primary=false; factoryBeanName=singleDataSourceConfig; factoryMethodName=druidProperties; initMethodName=null; destroyMethodName=(inferred); defined in class path resource [com/hrabbit/admin/config/datasource/SingleDataSourceConfig.class]]
2019-02-14 09:06:50.702  INFO 14209 --- [main] trationDelegate$BeanPostProcessorChecker : Bean 'shiroConfig' of type [com.hrabbit.admin.config.web.ShiroConfig$$EnhancerBySpringCGLIB$$fdf6ecd7] is not eligible for getting processed by all BeanPostProcessors (for example: not eligible for auto-proxying)
2019-02-14 09:06:51.047  INFO 14209 --- [main] trationDelegate$BeanPostProcessorChecker : Bean 'hashedCredentialsMatcher' of type [org.apache.shiro.authc.credential.HashedCredentialsMatcher] is not eligible for getting processed by all BeanPostProcessors (for example: not eligible for auto-proxying)
2019-02-14 09:06:51.060  INFO 14209 --- [main] trationDelegate$BeanPostProcessorChecker : Bean 'shiroDbRealm' of type [com.hrabbit.admin.core.shiro.realm.ShiroRealm] is not eligible for getting processed by all BeanPostProcessors (for example: not eligible for auto-proxying)
2019-02-14 09:06:51.175  INFO 14209 --- [main] trationDelegate$BeanPostProcessorChecker : Bean 'ehCacheManager' of type [org.apache.shiro.cache.ehcache.EhCacheManager] is not eligible for getting processed by all BeanPostProcessors (for example: not eligible for auto-proxying)
2019-02-14 09:06:51.176  INFO 14209 --- [main] o.a.shiro.cache.ehcache.EhCacheManager   : Cache with name 'com.hrabbit.admin.core.shiro.realm.ShiroRealm.authorizationCache' does not yet exist.  Creating now.
2019-02-14 09:06:51.179  INFO 14209 --- [main] o.a.shiro.cache.ehcache.EhCacheManager   : Added EhCache named [com.hrabbit.admin.core.shiro.realm.ShiroRealm.authorizationCache]
2019-02-14 09:06:51.193  INFO 14209 --- [main] trationDelegate$BeanPostProcessorChecker : Bean 'securityManager' of type [org.apache.shiro.web.mgt.DefaultWebSecurityManager] is not eligible for getting processed by all BeanPostProcessors (for example: not eligible for auto-proxying)
2019-02-14 09:06:51.247  INFO 14209 --- [main] trationDelegate$BeanPostProcessorChecker : Bean 'authorizationAttributeSourceAdvisor' of type [org.apache.shiro.spring.security.interceptor.AuthorizationAttributeSourceAdvisor] is not eligible for getting processed by all BeanPostProcessors (for example: not eligible for auto-proxying)
2019-02-14 09:06:51.331  INFO 14209 --- [main] trationDelegate$BeanPostProcessorChecker : Bean 'org.springframework.transaction.annotation.ProxyTransactionManagementConfiguration' of type [org.springframework.transaction.annotation.ProxyTransactionManagementConfiguration$$EnhancerBySpringCGLIB$$dcf1fded] is not eligible for getting processed by all BeanPostProcessors (for example: not eligible for auto-proxying)
2019-02-14 09:06:52.196  INFO 14209 --- [main] o.s.b.w.embedded.tomcat.TomcatWebServer  : Tomcat initialized with port(s): 8081 (http)
2019-02-14 09:06:52.226  INFO 14209 --- [main] o.apache.catalina.core.StandardService   : Starting service [Tomcat]
2019-02-14 09:06:52.226  INFO 14209 --- [main] org.apache.catalina.core.StandardEngine  : Starting Servlet Engine: Apache Tomcat/8.5.28
2019-02-14 09:06:52.231  INFO 14209 --- [localhost-startStop-1] o.a.catalina.core.AprLifecycleListener   : The APR based Apache Tomcat Native library which allows optimal performance in production environments was not found on the java.library.path: [/Users/mrotaku/Library/Java/Extensions:/Library/Java/Extensions:/Network/Library/Java/Extensions:/System/Library/Java/Extensions:/usr/lib/java:.]
2019-02-14 09:06:52.392  INFO 14209 --- [localhost-startStop-1] o.a.c.c.C.[Tomcat].[localhost].[/]       : Initializing Spring embedded WebApplicationContext
2019-02-14 09:06:52.393  INFO 14209 --- [localhost-startStop-1] o.s.web.context.ContextLoader            : Root WebApplicationContext: initialization completed in 3675 ms
2019-02-14 09:06:53.105  INFO 14209 --- [localhost-startStop-1] o.s.b.w.servlet.ServletRegistrationBean  : Servlet dispatcherServlet mapped to [/]
2019-02-14 09:06:53.114  INFO 14209 --- [localhost-startStop-1] o.s.b.w.servlet.FilterRegistrationBean   : Mapping filter: 'characterEncodingFilter' to: [/*]
2019-02-14 09:06:53.114  INFO 14209 --- [localhost-startStop-1] o.s.b.w.servlet.FilterRegistrationBean   : Mapping filter: 'hiddenHttpMethodFilter' to: [/*]
2019-02-14 09:06:53.114  INFO 14209 --- [localhost-startStop-1] o.s.b.w.servlet.FilterRegistrationBean   : Mapping filter: 'httpPutFormContentFilter' to: [/*]
2019-02-14 09:06:53.115  INFO 14209 --- [localhost-startStop-1] o.s.b.w.servlet.FilterRegistrationBean   : Mapping filter: 'requestContextFilter' to: [/*]
2019-02-14 09:06:53.115  INFO 14209 --- [localhost-startStop-1] o.s.b.w.servlet.FilterRegistrationBean   : Mapping filter: 'shirFilter' to: [/*]
2019-02-14 09:06:53.287  WARN 14209 --- [main] f.a.AutowiredAnnotationBeanPostProcessor : Autowired annotation is not supported on static fields: public static com.hrabbit.admin.core.common.ftp.pool.FTPClientPool com.hrabbit.admin.core.common.ftp.FTPUtils.ftpClientPool
2019-02-14 09:06:57.263  INFO 14209 --- [main] com.alibaba.druid.pool.DruidDataSource   : {dataSource-1} inited
2019-02-14 09:06:59.013  INFO 14209 --- [main] s.w.s.m.m.a.RequestMappingHandlerMapping : Mapped "{[/dept/]}" onto public java.lang.String com.hrabbit.admin.modual.system.controller.SysDeptController.index()
2019-02-14 09:06:59.016  INFO 14209 --- [main] s.w.s.m.m.a.RequestMappingHandlerMapping : Mapped "{[/dept/list],methods=[GET]}" onto public java.lang.Object com.hrabbit.admin.modual.system.controller.SysDeptController.list(java.lang.Integer,java.lang.Integer,java.lang.Integer)
2019-02-14 09:06:59.016  INFO 14209 --- [main] s.w.s.m.m.a.RequestMappingHandlerMapping : Mapped "{[/dept/findDeptTreeNode],methods=[GET]}" onto public java.lang.Object com.hrabbit.admin.modual.system.controller.SysDeptController.findGroupTreeNode()
2019-02-14 09:06:59.017  INFO 14209 --- [main] s.w.s.m.m.a.RequestMappingHandlerMapping : Mapped "{[/dept/findDeptSelectNode],methods=[GET]}" onto public java.lang.Object com.hrabbit.admin.modual.system.controller.SysDeptController.findDeptSelectNode()
2019-02-14 09:06:59.018  INFO 14209 --- [main] s.w.s.m.m.a.RequestMappingHandlerMapping : Mapped "{[/dict/]}" onto public java.lang.String com.hrabbit.admin.modual.system.controller.SysDictController.index()
2019-02-14 09:06:59.019  INFO 14209 --- [main] s.w.s.m.m.a.RequestMappingHandlerMapping : Mapped "{[/log/],methods=[GET]}" onto public java.lang.String com.hrabbit.admin.modual.system.controller.SysLogController.list()
2019-02-14 09:06:59.019  INFO 14209 --- [main] s.w.s.m.m.a.RequestMappingHandlerMapping : Mapped "{[/log/list],methods=[GET]}" onto public java.lang.Object com.hrabbit.admin.modual.system.controller.SysLogController.list(java.lang.Integer,java.lang.Integer,java.lang.String)
2019-02-14 09:06:59.021  INFO 14209 --- [main] s.w.s.m.m.a.RequestMappingHandlerMapping : Mapped "{[/]}" onto public java.lang.String com.hrabbit.admin.modual.system.controller.SysLoginController.index(org.springframework.ui.Model)
2019-02-14 09:06:59.022  INFO 14209 --- [main] s.w.s.m.m.a.RequestMappingHandlerMapping : Mapped "{[/home]}" onto public java.lang.String com.hrabbit.admin.modual.system.controller.SysLoginController.home(org.springframework.ui.Model)
2019-02-14 09:06:59.023  INFO 14209 --- [main] s.w.s.m.m.a.RequestMappingHandlerMapping : Mapped "{[/logOut],methods=[GET]}" onto public java.lang.String com.hrabbit.admin.modual.system.controller.SysLoginController.logOut()
2019-02-14 09:06:59.023  INFO 14209 --- [main] s.w.s.m.m.a.RequestMappingHandlerMapping : Mapped "{[/login],methods=[POST]}" onto public java.lang.String com.hrabbit.admin.modual.system.controller.SysLoginController.login(java.lang.String,java.lang.String,org.springframework.ui.Model)
2019-02-14 09:06:59.024  INFO 14209 --- [main] s.w.s.m.m.a.RequestMappingHandlerMapping : Mapped "{[/login],methods=[GET]}" onto public java.lang.String com.hrabbit.admin.modual.system.controller.SysLoginController.login()
2019-02-14 09:06:59.025  INFO 14209 --- [main] s.w.s.m.m.a.RequestMappingHandlerMapping : Mapped "{[/loginLog/],methods=[GET]}" onto public java.lang.String com.hrabbit.admin.modual.system.controller.SysLoginLogController.index()
2019-02-14 09:06:59.026  INFO 14209 --- [main] s.w.s.m.m.a.RequestMappingHandlerMapping : Mapped "{[/loginLog/list],methods=[GET]}" onto public java.lang.Object com.hrabbit.admin.modual.system.controller.SysLoginLogController.list(java.lang.Integer,java.lang.Integer,java.lang.String)
2019-02-14 09:06:59.029  INFO 14209 --- [main] s.w.s.m.m.a.RequestMappingHandlerMapping : Mapped "{[/menu/]}" onto public java.lang.String com.hrabbit.admin.modual.system.controller.SysMenuController.index(org.springframework.ui.ModelMap)
2019-02-14 09:06:59.030  INFO 14209 --- [main] s.w.s.m.m.a.RequestMappingHandlerMapping : Mapped "{[/menu/getMenuByParentId/{parentId}],methods=[GET]}" onto public java.lang.Object com.hrabbit.admin.modual.system.controller.SysMenuController.getTopMenu(java.lang.Integer)
2019-02-14 09:06:59.034  INFO 14209 --- [main] s.w.s.m.m.a.RequestMappingHandlerMapping : Mapped "{[/role/]}" onto public java.lang.String com.hrabbit.admin.modual.system.controller.SysRoleController.index()
2019-02-14 09:06:59.034  INFO 14209 --- [main] s.w.s.m.m.a.RequestMappingHandlerMapping : Mapped "{[/role/add],methods=[POST]}" onto public com.hrabbit.admin.core.response.BaseResponse com.hrabbit.admin.modual.system.controller.SysRoleController.add(com.hrabbit.admin.modual.system.bean.SysRole,org.springframework.validation.BindingResult)
2019-02-14 09:06:59.035  INFO 14209 --- [main] s.w.s.m.m.a.RequestMappingHandlerMapping : Mapped "{[/role/update],methods=[POST]}" onto public java.lang.Object com.hrabbit.admin.modual.system.controller.SysRoleController.update(com.hrabbit.admin.modual.system.bean.SysRole,org.springframework.validation.BindingResult)
2019-02-14 09:06:59.036  INFO 14209 --- [main] s.w.s.m.m.a.RequestMappingHandlerMapping : Mapped "{[/role/delete/{roleId}],methods=[DELETE]}" onto public java.lang.Object com.hrabbit.admin.modual.system.controller.SysRoleController.delete(java.lang.Integer)
2019-02-14 09:06:59.037  INFO 14209 --- [main] s.w.s.m.m.a.RequestMappingHandlerMapping : Mapped "{[/role/list],methods=[GET]}" onto public java.lang.Object com.hrabbit.admin.modual.system.controller.SysRoleController.list(java.lang.Integer,java.lang.Integer,java.lang.String,java.lang.Integer)
2019-02-14 09:06:59.038  INFO 14209 --- [main] s.w.s.m.m.a.RequestMappingHandlerMapping : Mapped "{[/role/findRoleByDeptId/{deptId}],methods=[GET]}" onto public java.lang.Object com.hrabbit.admin.modual.system.controller.SysRoleController.findRoleByDeptId(java.lang.Integer)
2019-02-14 09:06:59.039  INFO 14209 --- [main] s.w.s.m.m.a.RequestMappingHandlerMapping : Mapped "{[/role/openAddRole],methods=[GET]}" onto public java.lang.String com.hrabbit.admin.modual.system.controller.SysRoleController.openAddRole(org.springframework.ui.ModelMap)
2019-02-14 09:06:59.040  INFO 14209 --- [main] s.w.s.m.m.a.RequestMappingHandlerMapping : Mapped "{[/role/openUpdateRole/{roleId}],methods=[GET]}" onto public java.lang.String com.hrabbit.admin.modual.system.controller.SysRoleController.openUpdateRole(java.lang.Integer,org.springframework.ui.ModelMap)
2019-02-14 09:06:59.040  INFO 14209 --- [main] s.w.s.m.m.a.RequestMappingHandlerMapping : Mapped "{[/role/findRoleTreeNode],methods=[GET]}" onto public java.lang.Object com.hrabbit.admin.modual.system.controller.SysRoleController.findGroupTreeNode()
2019-02-14 09:06:59.042  INFO 14209 --- [main] s.w.s.m.m.a.RequestMappingHandlerMapping : Mapped "{[/user/],methods=[GET]}" onto public java.lang.String com.hrabbit.admin.modual.system.controller.SysUserController.index()
2019-02-14 09:06:59.043  INFO 14209 --- [main] s.w.s.m.m.a.RequestMappingHandlerMapping : Mapped "{[/user/add],methods=[POST]}" onto public com.hrabbit.admin.core.response.BaseResponse com.hrabbit.admin.modual.system.controller.SysUserController.add(com.hrabbit.admin.modual.system.bean.SysUser,java.lang.Integer[],org.springframework.validation.BindingResult)
2019-02-14 09:06:59.044  INFO 14209 --- [main] s.w.s.m.m.a.RequestMappingHandlerMapping : Mapped "{[/user/update],methods=[POST]}" onto public java.lang.Object com.hrabbit.admin.modual.system.controller.SysUserController.update(com.hrabbit.admin.modual.system.bean.SysUser,java.lang.Integer[],org.springframework.validation.BindingResult)
2019-02-14 09:06:59.044  INFO 14209 --- [main] s.w.s.m.m.a.RequestMappingHandlerMapping : Mapped "{[/user/delete/{userId}],methods=[DELETE]}" onto public java.lang.Object com.hrabbit.admin.modual.system.controller.SysUserController.delete(java.lang.Integer)
2019-02-14 09:06:59.045  INFO 14209 --- [main] s.w.s.m.m.a.RequestMappingHandlerMapping : Mapped "{[/user/list],methods=[GET]}" onto public java.lang.Object com.hrabbit.admin.modual.system.controller.SysUserController.list(java.lang.Integer,java.lang.Integer,java.lang.String,java.lang.Integer,java.lang.String)
2019-02-14 09:06:59.046  INFO 14209 --- [main] s.w.s.m.m.a.RequestMappingHandlerMapping : Mapped "{[/user/userDetail],methods=[GET]}" onto public java.lang.String com.hrabbit.admin.modual.system.controller.SysUserController.userDetail(org.springframework.ui.ModelMap)
2019-02-14 09:06:59.046  INFO 14209 --- [main] s.w.s.m.m.a.RequestMappingHandlerMapping : Mapped "{[/user/openAddUser],methods=[GET]}" onto public java.lang.String com.hrabbit.admin.modual.system.controller.SysUserController.openAddUser()
2019-02-14 09:06:59.047  INFO 14209 --- [main] s.w.s.m.m.a.RequestMappingHandlerMapping : Mapped "{[/user/openUpdateUser/{userId}],methods=[GET]}" onto public java.lang.String com.hrabbit.admin.modual.system.controller.SysUserController.openUpdateUser(java.lang.Integer,org.springframework.ui.ModelMap)
2019-02-14 09:06:59.048  INFO 14209 --- [main] s.w.s.m.m.a.RequestMappingHandlerMapping : Mapped "{[/v2/api-docs],methods=[GET]}" onto public org.springframework.http.ResponseEntity<springfox.documentation.spring.web.json.Json> springfox.documentation.swagger2.web.Swagger2Controller.getDocumentation(java.lang.String)
2019-02-14 09:06:59.051  INFO 14209 --- [main] s.w.s.m.m.a.RequestMappingHandlerMapping : Mapped "{[/configuration/security]}" onto org.springframework.http.ResponseEntity<springfox.documentation.swagger.web.SecurityConfiguration> springfox.documentation.swagger.web.ApiResourceController.securityConfiguration()
2019-02-14 09:06:59.052  INFO 14209 --- [main] s.w.s.m.m.a.RequestMappingHandlerMapping : Mapped "{[/configuration/ui]}" onto org.springframework.http.ResponseEntity<springfox.documentation.swagger.web.UiConfiguration> springfox.documentation.swagger.web.ApiResourceController.uiConfiguration()
2019-02-14 09:06:59.052  INFO 14209 --- [main] s.w.s.m.m.a.RequestMappingHandlerMapping : Mapped "{[/swagger-resources]}" onto org.springframework.http.ResponseEntity<java.util.List<springfox.documentation.swagger.web.SwaggerResource>> springfox.documentation.swagger.web.ApiResourceController.swaggerResources()
2019-02-14 09:06:59.058  INFO 14209 --- [main] s.w.s.m.m.a.RequestMappingHandlerMapping : Mapped "{[/error]}" onto public org.springframework.http.ResponseEntity<java.util.Map<java.lang.String, java.lang.Object>> org.springframework.boot.autoconfigure.web.servlet.error.BasicErrorController.error(javax.servlet.http.HttpServletRequest)
2019-02-14 09:06:59.059  INFO 14209 --- [main] s.w.s.m.m.a.RequestMappingHandlerMapping : Mapped "{[/error],produces=[text/html]}" onto public org.springframework.web.servlet.ModelAndView org.springframework.boot.autoconfigure.web.servlet.error.BasicErrorController.errorHtml(javax.servlet.http.HttpServletRequest,javax.servlet.http.HttpServletResponse)
2019-02-14 09:07:00.532  INFO 14209 --- [main] s.w.s.m.m.a.RequestMappingHandlerAdapter : Looking for @ControllerAdvice: org.springframework.boot.web.servlet.context.AnnotationConfigServletWebServerApplicationContext@666b83a4: startup date [Thu Feb 14 09:06:48 CST 2019]; root of context hierarchy
2019-02-14 09:07:00.676  INFO 14209 --- [main] o.s.w.s.h.BeanNameUrlHandlerMapping      : Mapped URL path [/error] onto handler '/error'
2019-02-14 09:07:00.737  INFO 14209 --- [main] o.s.w.s.handler.SimpleUrlHandlerMapping  : Mapped URL path [/webjars/**] onto handler of type [class org.springframework.web.servlet.resource.ResourceHttpRequestHandler]
2019-02-14 09:07:00.738  INFO 14209 --- [main] o.s.w.s.handler.SimpleUrlHandlerMapping  : Mapped URL path [/static/**] onto handler of type [class org.springframework.web.servlet.resource.ResourceHttpRequestHandler]
2019-02-14 09:07:00.838  INFO 14209 --- [main] .m.m.a.ExceptionHandlerExceptionResolver : Detected @ExceptionHandler methods in globalExceptionHandler
2019-02-14 09:07:00.928  INFO 14209 --- [main] o.s.w.s.handler.SimpleUrlHandlerMapping  : Mapped URL path [/**/favicon.ico] onto handler of type [class org.springframework.web.servlet.resource.ResourceHttpRequestHandler]
2019-02-14 09:07:01.834  INFO 14209 --- [main] o.s.j.e.a.AnnotationMBeanExporter        : Registering beans for JMX exposure on startup
2019-02-14 09:07:01.836  INFO 14209 --- [main] o.s.j.e.a.AnnotationMBeanExporter        : Bean with name 'dataSource' has been autodetected for JMX exposure
2019-02-14 09:07:01.848  INFO 14209 --- [main] o.s.j.e.a.AnnotationMBeanExporter        : Located MBean 'dataSource': registering with JMX server as MBean [com.alibaba.druid.pool:name=dataSource,type=DruidDataSource]
2019-02-14 09:07:01.862  INFO 14209 --- [main] d.s.w.p.DocumentationPluginsBootstrapper : Context refreshed
2019-02-14 09:07:01.892  INFO 14209 --- [main] d.s.w.p.DocumentationPluginsBootstrapper : Found {0} custom documentation plugin(s)
2019-02-14 09:07:01.904  INFO 14209 --- [main] s.d.s.w.s.ApiListingReferenceScanner     : Scanning for api listing references
2019-02-14 09:07:01.911  INFO 14209 --- [main] s.w.ClassOrApiAnnotationResourceGrouping : Group for method index was sys-dept-controller
2019-02-14 09:07:01.913  INFO 14209 --- [main] s.d.s.w.s.ApiListingReferenceScanner     : Request mapping: index belongs to groups: [[ResourceGroup{groupName='sys-dept-controller', position=0, controller=com.hrabbit.admin.modual.system.controller.SysDeptController}]] 
2019-02-14 09:07:01.914  INFO 14209 --- [main] s.w.ClassOrApiAnnotationResourceGrouping : Group for method findDeptSelectNode was sys-dept-controller
2019-02-14 09:07:01.914  INFO 14209 --- [main] s.d.s.w.s.ApiListingReferenceScanner     : Request mapping: findDeptSelectNode belongs to groups: [[ResourceGroup{groupName='sys-dept-controller', position=0, controller=com.hrabbit.admin.modual.system.controller.SysDeptController}]] 
2019-02-14 09:07:01.915  INFO 14209 --- [main] s.w.ClassOrApiAnnotationResourceGrouping : Group for method findGroupTreeNode was sys-dept-controller
2019-02-14 09:07:01.915  INFO 14209 --- [main] s.d.s.w.s.ApiListingReferenceScanner     : Request mapping: findGroupTreeNode belongs to groups: [[ResourceGroup{groupName='sys-dept-controller', position=0, controller=com.hrabbit.admin.modual.system.controller.SysDeptController}]] 
2019-02-14 09:07:01.915  INFO 14209 --- [main] s.w.ClassOrApiAnnotationResourceGrouping : Group for method list was sys-dept-controller
2019-02-14 09:07:01.915  INFO 14209 --- [main] s.d.s.w.s.ApiListingReferenceScanner     : Request mapping: list belongs to groups: [[ResourceGroup{groupName='sys-dept-controller', position=0, controller=com.hrabbit.admin.modual.system.controller.SysDeptController}]] 
2019-02-14 09:07:01.916  INFO 14209 --- [main] s.w.ClassOrApiAnnotationResourceGrouping : Group for method list was sys-log-controller
2019-02-14 09:07:01.916  INFO 14209 --- [main] s.d.s.w.s.ApiListingReferenceScanner     : Request mapping: list belongs to groups: [[ResourceGroup{groupName='sys-log-controller', position=0, controller=com.hrabbit.admin.modual.system.controller.SysLogController}]] 
2019-02-14 09:07:01.917  INFO 14209 --- [main] s.w.ClassOrApiAnnotationResourceGrouping : Group for method list was sys-login-log-controller
2019-02-14 09:07:01.917  INFO 14209 --- [main] s.d.s.w.s.ApiListingReferenceScanner     : Request mapping: list belongs to groups: [[ResourceGroup{groupName='sys-login-log-controller', position=0, controller=com.hrabbit.admin.modual.system.controller.SysLoginLogController}]] 
2019-02-14 09:07:01.917  INFO 14209 --- [main] s.w.ClassOrApiAnnotationResourceGrouping : Group for method login was sys-login-controller
2019-02-14 09:07:01.917  INFO 14209 --- [main] s.d.s.w.s.ApiListingReferenceScanner     : Request mapping: login belongs to groups: [[ResourceGroup{groupName='sys-login-controller', position=0, controller=com.hrabbit.admin.modual.system.controller.SysLoginController}]] 
2019-02-14 09:07:01.918  INFO 14209 --- [main] s.w.ClassOrApiAnnotationResourceGrouping : Group for method index was sys-role-controller
2019-02-14 09:07:01.918  INFO 14209 --- [main] s.d.s.w.s.ApiListingReferenceScanner     : Request mapping: index belongs to groups: [[ResourceGroup{groupName='sys-role-controller', position=0, controller=com.hrabbit.admin.modual.system.controller.SysRoleController}]] 
2019-02-14 09:07:01.919  INFO 14209 --- [main] s.w.ClassOrApiAnnotationResourceGrouping : Group for method add was sys-role-controller
2019-02-14 09:07:01.919  INFO 14209 --- [main] s.d.s.w.s.ApiListingReferenceScanner     : Request mapping: add belongs to groups: [[ResourceGroup{groupName='sys-role-controller', position=0, controller=com.hrabbit.admin.modual.system.controller.SysRoleController}]] 
2019-02-14 09:07:01.919  INFO 14209 --- [main] s.w.ClassOrApiAnnotationResourceGrouping : Group for method findGroupTreeNode was sys-role-controller
2019-02-14 09:07:01.919  INFO 14209 --- [main] s.d.s.w.s.ApiListingReferenceScanner     : Request mapping: findGroupTreeNode belongs to groups: [[ResourceGroup{groupName='sys-role-controller', position=0, controller=com.hrabbit.admin.modual.system.controller.SysRoleController}]] 
2019-02-14 09:07:01.920  INFO 14209 --- [main] s.w.ClassOrApiAnnotationResourceGrouping : Group for method list was sys-role-controller
2019-02-14 09:07:01.920  INFO 14209 --- [main] s.d.s.w.s.ApiListingReferenceScanner     : Request mapping: list belongs to groups: [[ResourceGroup{groupName='sys-role-controller', position=0, controller=com.hrabbit.admin.modual.system.controller.SysRoleController}]] 
2019-02-14 09:07:01.923  INFO 14209 --- [main] s.w.ClassOrApiAnnotationResourceGrouping : Group for method index was 系统用户
2019-02-14 09:07:01.923  INFO 14209 --- [main] s.d.s.w.s.ApiListingReferenceScanner     : Request mapping: index belongs to groups: [[ResourceGroup{groupName='系统用户', position=0, controller=com.hrabbit.admin.modual.system.controller.SysUserController}]] 
2019-02-14 09:07:01.924  INFO 14209 --- [main] s.w.ClassOrApiAnnotationResourceGrouping : Group for method add was 系统用户
2019-02-14 09:07:01.924  INFO 14209 --- [main] s.d.s.w.s.ApiListingReferenceScanner     : Request mapping: add belongs to groups: [[ResourceGroup{groupName='系统用户', position=0, controller=com.hrabbit.admin.modual.system.controller.SysUserController}]] 
2019-02-14 09:07:01.925  INFO 14209 --- [main] s.w.ClassOrApiAnnotationResourceGrouping : Group for method list was 系统用户
2019-02-14 09:07:01.925  INFO 14209 --- [main] s.d.s.w.s.ApiListingReferenceScanner     : Request mapping: list belongs to groups: [[ResourceGroup{groupName='系统用户', position=0, controller=com.hrabbit.admin.modual.system.controller.SysUserController}]] 
2019-02-14 09:07:01.925  INFO 14209 --- [main] s.w.ClassOrApiAnnotationResourceGrouping : Group for method openAddUser was 系统用户
2019-02-14 09:07:01.925  INFO 14209 --- [main] s.d.s.w.s.ApiListingReferenceScanner     : Request mapping: openAddUser belongs to groups: [[ResourceGroup{groupName='系统用户', position=0, controller=com.hrabbit.admin.modual.system.controller.SysUserController}]] 
2019-02-14 09:07:01.926  INFO 14209 --- [main] s.w.ClassOrApiAnnotationResourceGrouping : Group for method openUpdateUser was 系统用户
2019-02-14 09:07:01.926  INFO 14209 --- [main] s.d.s.w.s.ApiListingReferenceScanner     : Request mapping: openUpdateUser belongs to groups: [[ResourceGroup{groupName='系统用户', position=0, controller=com.hrabbit.admin.modual.system.controller.SysUserController}]] 
2019-02-14 09:07:01.927  INFO 14209 --- [main] s.w.ClassOrApiAnnotationResourceGrouping : Group for method userDetail was 系统用户
2019-02-14 09:07:01.927  INFO 14209 --- [main] s.d.s.w.s.ApiListingReferenceScanner     : Request mapping: userDetail belongs to groups: [[ResourceGroup{groupName='系统用户', position=0, controller=com.hrabbit.admin.modual.system.controller.SysUserController}]] 
2019-02-14 09:07:01.932  INFO 14209 --- [main] s.d.s.w.s.ApiListingReferenceScanner     : Created resource listing Path: /default/系统用户 Description: 系统用户 Position: 0
2019-02-14 09:07:01.933  INFO 14209 --- [main] s.d.s.w.s.ApiListingReferenceScanner     : Created resource listing Path: /default/sys-log-controller Description: sys-log-controller Position: 0
2019-02-14 09:07:01.933  INFO 14209 --- [main] s.d.s.w.s.ApiListingReferenceScanner     : Created resource listing Path: /default/sys-login-log-controller Description: sys-login-log-controller Position: 0
2019-02-14 09:07:01.934  INFO 14209 --- [main] s.d.s.w.s.ApiListingReferenceScanner     : Created resource listing Path: /default/sys-login-controller Description: sys-login-controller Position: 0
2019-02-14 09:07:01.934  INFO 14209 --- [main] s.d.s.w.s.ApiListingReferenceScanner     : Created resource listing Path: /default/sys-dept-controller Description: sys-dept-controller Position: 0
2019-02-14 09:07:01.934  INFO 14209 --- [main] s.d.s.w.s.ApiListingReferenceScanner     : Created resource listing Path: /default/sys-role-controller Description: sys-role-controller Position: 0
2019-02-14 09:07:01.964  INFO 14209 --- [main] s.d.schema.ModelContextKeyGenerator      : Cache Key Generated: java.lang.Object(true)
2019-02-14 09:07:01.964  INFO 14209 --- [main] s.d.spring.web.caching.CachingAspect     : Caching aspect applied for cache models with key java.lang.Object(true)
2019-02-14 09:07:01.970  INFO 14209 --- [main] s.d.schema.ModelContextKeyGenerator      : Cache Key Generated: java.lang.Object(true)
2019-02-14 09:07:01.971  INFO 14209 --- [main] s.d.spring.web.caching.CachingAspect     : Caching aspect applied for cache modelDependencies with key java.lang.Object(true)
2019-02-14 09:07:01.977  INFO 14209 --- [main] s.d.spring.web.OperationsKeyGenerator    : Cache key generated: /dept/findDeptSelectNode.com.hrabbit.admin.modual.system.controller.SysDeptController.findDeptSelectNode.DefaultGenericTypeNamingStrategy
2019-02-14 09:07:01.977  INFO 14209 --- [main] s.d.spring.web.caching.CachingAspect     : Caching aspect applied for cache operations with key /dept/findDeptSelectNode.com.hrabbit.admin.modual.system.controller.SysDeptController.findDeptSelectNode.DefaultGenericTypeNamingStrategy
2019-02-14 09:07:01.990  INFO 14209 --- [main] s.w.ClassOrApiAnnotationResourceGrouping : Group for method findDeptSelectNode was sys-dept-controller
2019-02-14 09:07:02.007  INFO 14209 --- [main] s.w.ClassOrApiAnnotationResourceGrouping : Group for method findDeptSelectNode was sys-dept-controller
2019-02-14 09:07:02.017  INFO 14209 --- [main] s.d.schema.ModelContextKeyGenerator      : Cache Key Generated: java.lang.Object(true)
2019-02-14 09:07:02.017  INFO 14209 --- [main] s.d.spring.web.caching.CachingAspect     : Caching aspect applied for cache models with key java.lang.Object(true)
2019-02-14 09:07:02.017  INFO 14209 --- [main] s.d.schema.ModelContextKeyGenerator      : Cache Key Generated: java.lang.Object(true)
2019-02-14 09:07:02.017  INFO 14209 --- [main] s.d.spring.web.caching.CachingAspect     : Caching aspect applied for cache modelDependencies with key java.lang.Object(true)
2019-02-14 09:07:02.017  INFO 14209 --- [main] s.d.spring.web.OperationsKeyGenerator    : Cache key generated: /dept/findDeptTreeNode.com.hrabbit.admin.modual.system.controller.SysDeptController.findGroupTreeNode.DefaultGenericTypeNamingStrategy
2019-02-14 09:07:02.017  INFO 14209 --- [main] s.d.spring.web.caching.CachingAspect     : Caching aspect applied for cache operations with key /dept/findDeptTreeNode.com.hrabbit.admin.modual.system.controller.SysDeptController.findGroupTreeNode.DefaultGenericTypeNamingStrategy
2019-02-14 09:07:02.018  INFO 14209 --- [main] s.w.ClassOrApiAnnotationResourceGrouping : Group for method findGroupTreeNode was sys-dept-controller
2019-02-14 09:07:02.019  INFO 14209 --- [main] s.w.ClassOrApiAnnotationResourceGrouping : Group for method findGroupTreeNode was sys-dept-controller
2019-02-14 09:07:02.021  INFO 14209 --- [main] s.d.schema.ModelContextKeyGenerator      : Cache Key Generated: java.lang.String(true)
2019-02-14 09:07:02.021  INFO 14209 --- [main] s.d.spring.web.caching.CachingAspect     : Caching aspect applied for cache models with key java.lang.String(true)
2019-02-14 09:07:02.021  INFO 14209 --- [main] s.d.schema.ModelContextKeyGenerator      : Cache Key Generated: java.lang.String(true)
2019-02-14 09:07:02.021  INFO 14209 --- [main] s.d.spring.web.caching.CachingAspect     : Caching aspect applied for cache modelDependencies with key java.lang.String(true)
2019-02-14 09:07:02.021  INFO 14209 --- [main] s.d.spring.web.OperationsKeyGenerator    : Cache key generated: /dept/.com.hrabbit.admin.modual.system.controller.SysDeptController.index.DefaultGenericTypeNamingStrategy
2019-02-14 09:07:02.021  INFO 14209 --- [main] s.d.spring.web.caching.CachingAspect     : Caching aspect applied for cache operations with key /dept/.com.hrabbit.admin.modual.system.controller.SysDeptController.index.DefaultGenericTypeNamingStrategy
2019-02-14 09:07:02.022  INFO 14209 --- [main] s.w.ClassOrApiAnnotationResourceGrouping : Group for method index was sys-dept-controller
2019-02-14 09:07:02.023  INFO 14209 --- [main] s.w.ClassOrApiAnnotationResourceGrouping : Group for method index was sys-dept-controller
2019-02-14 09:07:02.024  INFO 14209 --- [main] s.w.ClassOrApiAnnotationResourceGrouping : Group for method index was sys-dept-controller
2019-02-14 09:07:02.025  INFO 14209 --- [main] s.w.ClassOrApiAnnotationResourceGrouping : Group for method index was sys-dept-controller
2019-02-14 09:07:02.026  INFO 14209 --- [main] s.w.ClassOrApiAnnotationResourceGrouping : Group for method index was sys-dept-controller
2019-02-14 09:07:02.027  INFO 14209 --- [main] s.w.ClassOrApiAnnotationResourceGrouping : Group for method index was sys-dept-controller
2019-02-14 09:07:02.028  INFO 14209 --- [main] s.w.ClassOrApiAnnotationResourceGrouping : Group for method index was sys-dept-controller
2019-02-14 09:07:02.028  INFO 14209 --- [main] s.w.ClassOrApiAnnotationResourceGrouping : Group for method index was sys-dept-controller
2019-02-14 09:07:02.029  INFO 14209 --- [main] s.w.ClassOrApiAnnotationResourceGrouping : Group for method index was sys-dept-controller
2019-02-14 09:07:02.030  INFO 14209 --- [main] s.w.ClassOrApiAnnotationResourceGrouping : Group for method index was sys-dept-controller
2019-02-14 09:07:02.031  INFO 14209 --- [main] s.w.ClassOrApiAnnotationResourceGrouping : Group for method index was sys-dept-controller
2019-02-14 09:07:02.032  INFO 14209 --- [main] s.w.ClassOrApiAnnotationResourceGrouping : Group for method index was sys-dept-controller
2019-02-14 09:07:02.033  INFO 14209 --- [main] s.w.ClassOrApiAnnotationResourceGrouping : Group for method index was sys-dept-controller
2019-02-14 09:07:02.034  INFO 14209 --- [main] s.w.ClassOrApiAnnotationResourceGrouping : Group for method index was sys-dept-controller
2019-02-14 09:07:02.035  INFO 14209 --- [main] s.w.ClassOrApiAnnotationResourceGrouping : Group for method index was sys-dept-controller
2019-02-14 09:07:02.035  INFO 14209 --- [main] s.w.ClassOrApiAnnotationResourceGrouping : Group for method index was sys-dept-controller
2019-02-14 09:07:02.037  INFO 14209 --- [main] s.d.schema.ModelContextKeyGenerator      : Cache Key Generated: java.lang.Object(true)
2019-02-14 09:07:02.038  INFO 14209 --- [main] s.d.spring.web.caching.CachingAspect     : Caching aspect applied for cache models with key java.lang.Object(true)
2019-02-14 09:07:02.038  INFO 14209 --- [main] s.d.schema.ModelContextKeyGenerator      : Cache Key Generated: java.lang.Object(true)
2019-02-14 09:07:02.038  INFO 14209 --- [main] s.d.spring.web.caching.CachingAspect     : Caching aspect applied for cache modelDependencies with key java.lang.Object(true)
2019-02-14 09:07:02.038  INFO 14209 --- [main] s.d.spring.web.OperationsKeyGenerator    : Cache key generated: /dept/list.com.hrabbit.admin.modual.system.controller.SysDeptController.list.DefaultGenericTypeNamingStrategy
2019-02-14 09:07:02.038  INFO 14209 --- [main] s.d.spring.web.caching.CachingAspect     : Caching aspect applied for cache operations with key /dept/list.com.hrabbit.admin.modual.system.controller.SysDeptController.list.DefaultGenericTypeNamingStrategy
2019-02-14 09:07:02.046  INFO 14209 --- [main] s.w.ClassOrApiAnnotationResourceGrouping : Group for method list was sys-dept-controller
2019-02-14 09:07:02.048  INFO 14209 --- [main] s.w.ClassOrApiAnnotationResourceGrouping : Group for method list was sys-dept-controller
2019-02-14 09:07:02.055  INFO 14209 --- [main] s.d.schema.ModelContextKeyGenerator      : Cache Key Generated: java.lang.Object(true)
2019-02-14 09:07:02.055  INFO 14209 --- [main] s.d.spring.web.caching.CachingAspect     : Caching aspect applied for cache models with key java.lang.Object(true)
2019-02-14 09:07:02.055  INFO 14209 --- [main] s.d.schema.ModelContextKeyGenerator      : Cache Key Generated: java.lang.Object(true)
2019-02-14 09:07:02.056  INFO 14209 --- [main] s.d.spring.web.caching.CachingAspect     : Caching aspect applied for cache modelDependencies with key java.lang.Object(true)
2019-02-14 09:07:02.056  INFO 14209 --- [main] s.d.spring.web.OperationsKeyGenerator    : Cache key generated: /log/list.com.hrabbit.admin.modual.system.controller.SysLogController.list.DefaultGenericTypeNamingStrategy
2019-02-14 09:07:02.056  INFO 14209 --- [main] s.d.spring.web.caching.CachingAspect     : Caching aspect applied for cache operations with key /log/list.com.hrabbit.admin.modual.system.controller.SysLogController.list.DefaultGenericTypeNamingStrategy
2019-02-14 09:07:02.058  INFO 14209 --- [main] s.w.ClassOrApiAnnotationResourceGrouping : Group for method list was sys-log-controller
2019-02-14 09:07:02.060  INFO 14209 --- [main] s.w.ClassOrApiAnnotationResourceGrouping : Group for method list was sys-log-controller
2019-02-14 09:07:02.060  INFO 14209 --- [main] .d.s.w.r.o.CachingOperationNameGenerator : Generating unique operation named: listUsingGET_1
2019-02-14 09:07:02.061  INFO 14209 --- [main] s.d.schema.ModelContextKeyGenerator      : Cache Key Generated: java.lang.String(true)
2019-02-14 09:07:02.061  INFO 14209 --- [main] s.d.spring.web.caching.CachingAspect     : Caching aspect applied for cache models with key java.lang.String(true)
2019-02-14 09:07:02.061  INFO 14209 --- [main] s.d.schema.ModelContextKeyGenerator      : Cache Key Generated: java.lang.String(true)
2019-02-14 09:07:02.062  INFO 14209 --- [main] s.d.spring.web.caching.CachingAspect     : Caching aspect applied for cache modelDependencies with key java.lang.String(true)
2019-02-14 09:07:02.062  INFO 14209 --- [main] s.d.spring.web.OperationsKeyGenerator    : Cache key generated: /login.com.hrabbit.admin.modual.system.controller.SysLoginController.login.DefaultGenericTypeNamingStrategy
2019-02-14 09:07:02.062  INFO 14209 --- [main] s.d.spring.web.caching.CachingAspect     : Caching aspect applied for cache operations with key /login.com.hrabbit.admin.modual.system.controller.SysLoginController.login.DefaultGenericTypeNamingStrategy
2019-02-14 09:07:02.066  INFO 14209 --- [main] s.w.ClassOrApiAnnotationResourceGrouping : Group for method login was sys-login-controller
2019-02-14 09:07:02.067  INFO 14209 --- [main] s.w.ClassOrApiAnnotationResourceGrouping : Group for method login was sys-login-controller
2019-02-14 09:07:02.069  INFO 14209 --- [main] s.d.schema.ModelContextKeyGenerator      : Cache Key Generated: java.lang.Object(true)
2019-02-14 09:07:02.069  INFO 14209 --- [main] s.d.spring.web.caching.CachingAspect     : Caching aspect applied for cache models with key java.lang.Object(true)
2019-02-14 09:07:02.069  INFO 14209 --- [main] s.d.schema.ModelContextKeyGenerator      : Cache Key Generated: java.lang.Object(true)
2019-02-14 09:07:02.069  INFO 14209 --- [main] s.d.spring.web.caching.CachingAspect     : Caching aspect applied for cache modelDependencies with key java.lang.Object(true)
2019-02-14 09:07:02.069  INFO 14209 --- [main] s.d.spring.web.OperationsKeyGenerator    : Cache key generated: /loginLog/list.com.hrabbit.admin.modual.system.controller.SysLoginLogController.list.DefaultGenericTypeNamingStrategy
2019-02-14 09:07:02.070  INFO 14209 --- [main] s.d.spring.web.caching.CachingAspect     : Caching aspect applied for cache operations with key /loginLog/list.com.hrabbit.admin.modual.system.controller.SysLoginLogController.list.DefaultGenericTypeNamingStrategy
2019-02-14 09:07:02.072  INFO 14209 --- [main] s.w.ClassOrApiAnnotationResourceGrouping : Group for method list was sys-login-log-controller
2019-02-14 09:07:02.073  INFO 14209 --- [main] s.w.ClassOrApiAnnotationResourceGrouping : Group for method list was sys-login-log-controller
2019-02-14 09:07:02.074  INFO 14209 --- [main] .d.s.w.r.o.CachingOperationNameGenerator : Generating unique operation named: listUsingGET_2
2019-02-14 09:07:02.077  INFO 14209 --- [main] s.d.schema.ModelContextKeyGenerator      : Cache Key Generated: com.hrabbit.admin.core.response.BaseResponse(true)
2019-02-14 09:07:02.077  INFO 14209 --- [main] s.d.spring.web.caching.CachingAspect     : Caching aspect applied for cache models with key com.hrabbit.admin.core.response.BaseResponse(true)
2019-02-14 09:07:02.078  INFO 14209 --- [main] s.d.s.p.ModelPropertiesKeyGenerator      : Cache key generated: com.hrabbit.admin.core.response.BaseResponse(true)
2019-02-14 09:07:02.078  INFO 14209 --- [main] s.d.spring.web.caching.CachingAspect     : Caching aspect applied for cache modelProperties with key com.hrabbit.admin.core.response.BaseResponse(true)
2019-02-14 09:07:02.124  INFO 14209 --- [main] s.d.schema.ModelContextKeyGenerator      : Cache Key Generated: com.hrabbit.admin.core.response.BaseResponse(true)
2019-02-14 09:07:02.124  INFO 14209 --- [main] s.d.spring.web.caching.CachingAspect     : Caching aspect applied for cache modelDependencies with key com.hrabbit.admin.core.response.BaseResponse(true)
2019-02-14 09:07:02.124  INFO 14209 --- [main] s.d.s.p.ModelPropertiesKeyGenerator      : Cache key generated: com.hrabbit.admin.core.response.BaseResponse(true)
2019-02-14 09:07:02.124  INFO 14209 --- [main] s.d.spring.web.caching.CachingAspect     : Caching aspect applied for cache modelProperties with key com.hrabbit.admin.core.response.BaseResponse(true)
2019-02-14 09:07:02.125  INFO 14209 --- [main] s.d.spring.web.OperationsKeyGenerator    : Cache key generated: /role/add.com.hrabbit.admin.modual.system.controller.SysRoleController.add.DefaultGenericTypeNamingStrategy
2019-02-14 09:07:02.125  INFO 14209 --- [main] s.d.spring.web.caching.CachingAspect     : Caching aspect applied for cache operations with key /role/add.com.hrabbit.admin.modual.system.controller.SysRoleController.add.DefaultGenericTypeNamingStrategy
2019-02-14 09:07:02.127  INFO 14209 --- [main] s.w.ClassOrApiAnnotationResourceGrouping : Group for method add was sys-role-controller
2019-02-14 09:07:02.128  INFO 14209 --- [main] s.w.ClassOrApiAnnotationResourceGrouping : Group for method add was sys-role-controller
2019-02-14 09:07:02.131  INFO 14209 --- [main] s.d.schema.ModelContextKeyGenerator      : Cache Key Generated: java.lang.Object(true)
2019-02-14 09:07:02.131  INFO 14209 --- [main] s.d.spring.web.caching.CachingAspect     : Caching aspect applied for cache models with key java.lang.Object(true)
2019-02-14 09:07:02.132  INFO 14209 --- [main] s.d.schema.ModelContextKeyGenerator      : Cache Key Generated: java.lang.Object(true)
2019-02-14 09:07:02.132  INFO 14209 --- [main] s.d.spring.web.caching.CachingAspect     : Caching aspect applied for cache modelDependencies with key java.lang.Object(true)
2019-02-14 09:07:02.132  INFO 14209 --- [main] s.d.spring.web.OperationsKeyGenerator    : Cache key generated: /role/findRoleTreeNode.com.hrabbit.admin.modual.system.controller.SysRoleController.findGroupTreeNode.DefaultGenericTypeNamingStrategy
2019-02-14 09:07:02.132  INFO 14209 --- [main] s.d.spring.web.caching.CachingAspect     : Caching aspect applied for cache operations with key /role/findRoleTreeNode.com.hrabbit.admin.modual.system.controller.SysRoleController.findGroupTreeNode.DefaultGenericTypeNamingStrategy
2019-02-14 09:07:02.133  INFO 14209 --- [main] s.w.ClassOrApiAnnotationResourceGrouping : Group for method findGroupTreeNode was sys-role-controller
2019-02-14 09:07:02.134  INFO 14209 --- [main] s.w.ClassOrApiAnnotationResourceGrouping : Group for method findGroupTreeNode was sys-role-controller
2019-02-14 09:07:02.135  INFO 14209 --- [main] .d.s.w.r.o.CachingOperationNameGenerator : Generating unique operation named: findGroupTreeNodeUsingGET_1
2019-02-14 09:07:02.137  INFO 14209 --- [main] s.d.schema.ModelContextKeyGenerator      : Cache Key Generated: java.lang.String(true)
2019-02-14 09:07:02.137  INFO 14209 --- [main] s.d.spring.web.caching.CachingAspect     : Caching aspect applied for cache models with key java.lang.String(true)
2019-02-14 09:07:02.137  INFO 14209 --- [main] s.d.schema.ModelContextKeyGenerator      : Cache Key Generated: java.lang.String(true)
2019-02-14 09:07:02.137  INFO 14209 --- [main] s.d.spring.web.caching.CachingAspect     : Caching aspect applied for cache modelDependencies with key java.lang.String(true)
2019-02-14 09:07:02.137  INFO 14209 --- [main] s.d.spring.web.OperationsKeyGenerator    : Cache key generated: /role/.com.hrabbit.admin.modual.system.controller.SysRoleController.index.DefaultGenericTypeNamingStrategy
2019-02-14 09:07:02.137  INFO 14209 --- [main] s.d.spring.web.caching.CachingAspect     : Caching aspect applied for cache operations with key /role/.com.hrabbit.admin.modual.system.controller.SysRoleController.index.DefaultGenericTypeNamingStrategy
2019-02-14 09:07:02.138  INFO 14209 --- [main] s.w.ClassOrApiAnnotationResourceGrouping : Group for method index was sys-role-controller
2019-02-14 09:07:02.140  INFO 14209 --- [main] s.w.ClassOrApiAnnotationResourceGrouping : Group for method index was sys-role-controller
2019-02-14 09:07:02.141  INFO 14209 --- [main] .d.s.w.r.o.CachingOperationNameGenerator : Generating unique operation named: indexUsingGET_1
2019-02-14 09:07:02.142  INFO 14209 --- [main] s.w.ClassOrApiAnnotationResourceGrouping : Group for method index was sys-role-controller
2019-02-14 09:07:02.145  INFO 14209 --- [main] s.w.ClassOrApiAnnotationResourceGrouping : Group for method index was sys-role-controller
2019-02-14 09:07:02.145  INFO 14209 --- [main] .d.s.w.r.o.CachingOperationNameGenerator : Generating unique operation named: indexUsingHEAD_1
2019-02-14 09:07:02.146  INFO 14209 --- [main] s.w.ClassOrApiAnnotationResourceGrouping : Group for method index was sys-role-controller
2019-02-14 09:07:02.146  INFO 14209 --- [main] s.w.ClassOrApiAnnotationResourceGrouping : Group for method index was sys-role-controller
2019-02-14 09:07:02.147  INFO 14209 --- [main] .d.s.w.r.o.CachingOperationNameGenerator : Generating unique operation named: indexUsingPOST_1
2019-02-14 09:07:02.147  INFO 14209 --- [main] s.w.ClassOrApiAnnotationResourceGrouping : Group for method index was sys-role-controller
2019-02-14 09:07:02.148  INFO 14209 --- [main] s.w.ClassOrApiAnnotationResourceGrouping : Group for method index was sys-role-controller
2019-02-14 09:07:02.149  INFO 14209 --- [main] .d.s.w.r.o.CachingOperationNameGenerator : Generating unique operation named: indexUsingPUT_1
2019-02-14 09:07:02.149  INFO 14209 --- [main] s.w.ClassOrApiAnnotationResourceGrouping : Group for method index was sys-role-controller
2019-02-14 09:07:02.150  INFO 14209 --- [main] s.w.ClassOrApiAnnotationResourceGrouping : Group for method index was sys-role-controller
2019-02-14 09:07:02.151  INFO 14209 --- [main] .d.s.w.r.o.CachingOperationNameGenerator : Generating unique operation named: indexUsingPATCH_1
2019-02-14 09:07:02.152  INFO 14209 --- [main] s.w.ClassOrApiAnnotationResourceGrouping : Group for method index was sys-role-controller
2019-02-14 09:07:02.153  INFO 14209 --- [main] s.w.ClassOrApiAnnotationResourceGrouping : Group for method index was sys-role-controller
2019-02-14 09:07:02.154  INFO 14209 --- [main] .d.s.w.r.o.CachingOperationNameGenerator : Generating unique operation named: indexUsingDELETE_1
2019-02-14 09:07:02.156  INFO 14209 --- [main] s.w.ClassOrApiAnnotationResourceGrouping : Group for method index was sys-role-controller
2019-02-14 09:07:02.158  INFO 14209 --- [main] s.w.ClassOrApiAnnotationResourceGrouping : Group for method index was sys-role-controller
2019-02-14 09:07:02.159  INFO 14209 --- [main] .d.s.w.r.o.CachingOperationNameGenerator : Generating unique operation named: indexUsingOPTIONS_1
2019-02-14 09:07:02.160  INFO 14209 --- [main] s.w.ClassOrApiAnnotationResourceGrouping : Group for method index was sys-role-controller
2019-02-14 09:07:02.161  INFO 14209 --- [main] s.w.ClassOrApiAnnotationResourceGrouping : Group for method index was sys-role-controller
2019-02-14 09:07:02.161  INFO 14209 --- [main] .d.s.w.r.o.CachingOperationNameGenerator : Generating unique operation named: indexUsingTRACE_1
2019-02-14 09:07:02.162  INFO 14209 --- [main] s.d.schema.ModelContextKeyGenerator      : Cache Key Generated: java.lang.Object(true)
2019-02-14 09:07:02.162  INFO 14209 --- [main] s.d.spring.web.caching.CachingAspect     : Caching aspect applied for cache models with key java.lang.Object(true)
2019-02-14 09:07:02.162  INFO 14209 --- [main] s.d.schema.ModelContextKeyGenerator      : Cache Key Generated: java.lang.Object(true)
2019-02-14 09:07:02.163  INFO 14209 --- [main] s.d.spring.web.caching.CachingAspect     : Caching aspect applied for cache modelDependencies with key java.lang.Object(true)
2019-02-14 09:07:02.163  INFO 14209 --- [main] s.d.spring.web.OperationsKeyGenerator    : Cache key generated: /role/list.com.hrabbit.admin.modual.system.controller.SysRoleController.list.DefaultGenericTypeNamingStrategy
2019-02-14 09:07:02.163  INFO 14209 --- [main] s.d.spring.web.caching.CachingAspect     : Caching aspect applied for cache operations with key /role/list.com.hrabbit.admin.modual.system.controller.SysRoleController.list.DefaultGenericTypeNamingStrategy
2019-02-14 09:07:02.165  INFO 14209 --- [main] s.w.ClassOrApiAnnotationResourceGrouping : Group for method list was sys-role-controller
2019-02-14 09:07:02.166  INFO 14209 --- [main] s.w.ClassOrApiAnnotationResourceGrouping : Group for method list was sys-role-controller
2019-02-14 09:07:02.167  INFO 14209 --- [main] .d.s.w.r.o.CachingOperationNameGenerator : Generating unique operation named: listUsingGET_3
2019-02-14 09:07:02.170  INFO 14209 --- [main] s.d.schema.ModelContextKeyGenerator      : Cache Key Generated: com.hrabbit.admin.core.response.BaseResponse(true)
2019-02-14 09:07:02.170  INFO 14209 --- [main] s.d.spring.web.caching.CachingAspect     : Caching aspect applied for cache models with key com.hrabbit.admin.core.response.BaseResponse(true)
2019-02-14 09:07:02.171  INFO 14209 --- [main] s.d.schema.ModelContextKeyGenerator      : Cache Key Generated: com.hrabbit.admin.core.response.BaseResponse(true)
2019-02-14 09:07:02.171  INFO 14209 --- [main] s.d.spring.web.caching.CachingAspect     : Caching aspect applied for cache modelDependencies with key com.hrabbit.admin.core.response.BaseResponse(true)
2019-02-14 09:07:02.171  INFO 14209 --- [main] s.d.spring.web.OperationsKeyGenerator    : Cache key generated: /user/add.com.hrabbit.admin.modual.system.controller.SysUserController.add.DefaultGenericTypeNamingStrategy
2019-02-14 09:07:02.171  INFO 14209 --- [main] s.d.spring.web.caching.CachingAspect     : Caching aspect applied for cache operations with key /user/add.com.hrabbit.admin.modual.system.controller.SysUserController.add.DefaultGenericTypeNamingStrategy
2019-02-14 09:07:02.174  INFO 14209 --- [main] s.w.ClassOrApiAnnotationResourceGrouping : Group for method add was 系统用户
2019-02-14 09:07:02.176  INFO 14209 --- [main] s.w.ClassOrApiAnnotationResourceGrouping : Group for method add was 系统用户
2019-02-14 09:07:02.177  INFO 14209 --- [main] .d.s.w.r.o.CachingOperationNameGenerator : Generating unique operation named: addUsingPOST_1
2019-02-14 09:07:02.178  INFO 14209 --- [main] s.d.schema.ModelContextKeyGenerator      : Cache Key Generated: java.lang.String(true)
2019-02-14 09:07:02.178  INFO 14209 --- [main] s.d.spring.web.caching.CachingAspect     : Caching aspect applied for cache models with key java.lang.String(true)
2019-02-14 09:07:02.178  INFO 14209 --- [main] s.d.schema.ModelContextKeyGenerator      : Cache Key Generated: java.lang.String(true)
2019-02-14 09:07:02.178  INFO 14209 --- [main] s.d.spring.web.caching.CachingAspect     : Caching aspect applied for cache modelDependencies with key java.lang.String(true)
2019-02-14 09:07:02.178  INFO 14209 --- [main] s.d.spring.web.OperationsKeyGenerator    : Cache key generated: /user/.com.hrabbit.admin.modual.system.controller.SysUserController.index.DefaultGenericTypeNamingStrategy
2019-02-14 09:07:02.178  INFO 14209 --- [main] s.d.spring.web.caching.CachingAspect     : Caching aspect applied for cache operations with key /user/.com.hrabbit.admin.modual.system.controller.SysUserController.index.DefaultGenericTypeNamingStrategy
2019-02-14 09:07:02.179  INFO 14209 --- [main] s.w.ClassOrApiAnnotationResourceGrouping : Group for method index was 系统用户
2019-02-14 09:07:02.180  INFO 14209 --- [main] s.w.ClassOrApiAnnotationResourceGrouping : Group for method index was 系统用户
2019-02-14 09:07:02.181  INFO 14209 --- [main] .d.s.w.r.o.CachingOperationNameGenerator : Generating unique operation named: indexUsingGET_2
2019-02-14 09:07:02.182  INFO 14209 --- [main] s.d.schema.ModelContextKeyGenerator      : Cache Key Generated: java.lang.Object(true)
2019-02-14 09:07:02.182  INFO 14209 --- [main] s.d.spring.web.caching.CachingAspect     : Caching aspect applied for cache models with key java.lang.Object(true)
2019-02-14 09:07:02.183  INFO 14209 --- [main] s.d.schema.ModelContextKeyGenerator      : Cache Key Generated: java.lang.Object(true)
2019-02-14 09:07:02.183  INFO 14209 --- [main] s.d.spring.web.caching.CachingAspect     : Caching aspect applied for cache modelDependencies with key java.lang.Object(true)
2019-02-14 09:07:02.183  INFO 14209 --- [main] s.d.spring.web.OperationsKeyGenerator    : Cache key generated: /user/list.com.hrabbit.admin.modual.system.controller.SysUserController.list.DefaultGenericTypeNamingStrategy
2019-02-14 09:07:02.183  INFO 14209 --- [main] s.d.spring.web.caching.CachingAspect     : Caching aspect applied for cache operations with key /user/list.com.hrabbit.admin.modual.system.controller.SysUserController.list.DefaultGenericTypeNamingStrategy
2019-02-14 09:07:02.186  INFO 14209 --- [main] s.w.ClassOrApiAnnotationResourceGrouping : Group for method list was 系统用户
2019-02-14 09:07:02.186  INFO 14209 --- [main] s.w.ClassOrApiAnnotationResourceGrouping : Group for method list was 系统用户
2019-02-14 09:07:02.187  INFO 14209 --- [main] .d.s.w.r.o.CachingOperationNameGenerator : Generating unique operation named: listUsingGET_4
2019-02-14 09:07:02.188  INFO 14209 --- [main] s.d.schema.ModelContextKeyGenerator      : Cache Key Generated: java.lang.String(true)
2019-02-14 09:07:02.188  INFO 14209 --- [main] s.d.spring.web.caching.CachingAspect     : Caching aspect applied for cache models with key java.lang.String(true)
2019-02-14 09:07:02.188  INFO 14209 --- [main] s.d.schema.ModelContextKeyGenerator      : Cache Key Generated: java.lang.String(true)
2019-02-14 09:07:02.188  INFO 14209 --- [main] s.d.spring.web.caching.CachingAspect     : Caching aspect applied for cache modelDependencies with key java.lang.String(true)
2019-02-14 09:07:02.189  INFO 14209 --- [main] s.d.spring.web.OperationsKeyGenerator    : Cache key generated: /user/openAddUser.com.hrabbit.admin.modual.system.controller.SysUserController.openAddUser.DefaultGenericTypeNamingStrategy
2019-02-14 09:07:02.189  INFO 14209 --- [main] s.d.spring.web.caching.CachingAspect     : Caching aspect applied for cache operations with key /user/openAddUser.com.hrabbit.admin.modual.system.controller.SysUserController.openAddUser.DefaultGenericTypeNamingStrategy
2019-02-14 09:07:02.189  INFO 14209 --- [main] s.w.ClassOrApiAnnotationResourceGrouping : Group for method openAddUser was 系统用户
2019-02-14 09:07:02.190  INFO 14209 --- [main] s.w.ClassOrApiAnnotationResourceGrouping : Group for method openAddUser was 系统用户
2019-02-14 09:07:02.192  INFO 14209 --- [main] s.d.schema.ModelContextKeyGenerator      : Cache Key Generated: java.lang.String(true)
2019-02-14 09:07:02.192  INFO 14209 --- [main] s.d.spring.web.caching.CachingAspect     : Caching aspect applied for cache models with key java.lang.String(true)
2019-02-14 09:07:02.193  INFO 14209 --- [main] s.d.schema.ModelContextKeyGenerator      : Cache Key Generated: java.lang.String(true)
2019-02-14 09:07:02.193  INFO 14209 --- [main] s.d.spring.web.caching.CachingAspect     : Caching aspect applied for cache modelDependencies with key java.lang.String(true)
2019-02-14 09:07:02.193  INFO 14209 --- [main] s.d.spring.web.OperationsKeyGenerator    : Cache key generated: /user/openUpdateUser/{userId}.com.hrabbit.admin.modual.system.controller.SysUserController.openUpdateUser.DefaultGenericTypeNamingStrategy
2019-02-14 09:07:02.193  INFO 14209 --- [main] s.d.spring.web.caching.CachingAspect     : Caching aspect applied for cache operations with key /user/openUpdateUser/{userId}.com.hrabbit.admin.modual.system.controller.SysUserController.openUpdateUser.DefaultGenericTypeNamingStrategy
2019-02-14 09:07:02.196  INFO 14209 --- [main] s.w.ClassOrApiAnnotationResourceGrouping : Group for method openUpdateUser was 系统用户
2019-02-14 09:07:02.197  INFO 14209 --- [main] s.w.ClassOrApiAnnotationResourceGrouping : Group for method openUpdateUser was 系统用户
2019-02-14 09:07:02.198  INFO 14209 --- [main] s.d.schema.ModelContextKeyGenerator      : Cache Key Generated: java.lang.String(true)
2019-02-14 09:07:02.198  INFO 14209 --- [main] s.d.spring.web.caching.CachingAspect     : Caching aspect applied for cache models with key java.lang.String(true)
2019-02-14 09:07:02.198  INFO 14209 --- [main] s.d.schema.ModelContextKeyGenerator      : Cache Key Generated: java.lang.String(true)
2019-02-14 09:07:02.198  INFO 14209 --- [main] s.d.spring.web.caching.CachingAspect     : Caching aspect applied for cache modelDependencies with key java.lang.String(true)
2019-02-14 09:07:02.198  INFO 14209 --- [main] s.d.spring.web.OperationsKeyGenerator    : Cache key generated: /user/userDetail.com.hrabbit.admin.modual.system.controller.SysUserController.userDetail.DefaultGenericTypeNamingStrategy
2019-02-14 09:07:02.198  INFO 14209 --- [main] s.d.spring.web.caching.CachingAspect     : Caching aspect applied for cache operations with key /user/userDetail.com.hrabbit.admin.modual.system.controller.SysUserController.userDetail.DefaultGenericTypeNamingStrategy
2019-02-14 09:07:02.199  INFO 14209 --- [main] s.w.ClassOrApiAnnotationResourceGrouping : Group for method userDetail was 系统用户
2019-02-14 09:07:02.200  INFO 14209 --- [main] s.w.ClassOrApiAnnotationResourceGrouping : Group for method userDetail was 系统用户
2019-02-14 09:07:02.271  INFO 14209 --- [main] o.s.b.w.embedded.tomcat.TomcatWebServer  : Tomcat started on port(s): 8081 (http) with context path ''
2019-02-14 09:07:02.278  INFO 14209 --- [main] com.hrabbit.admin.FlagleApplication      : Started FlagleApplication in 14.696 seconds (JVM running for 16.39)
2019-02-14 09:07:09.014  INFO 14209 --- [http-nio-8081-exec-1] o.a.c.c.C.[Tomcat].[localhost].[/]       : Initializing Spring FrameworkServlet 'dispatcherServlet'
2019-02-14 09:07:09.014  INFO 14209 --- [http-nio-8081-exec-1] o.s.web.servlet.DispatcherServlet        : FrameworkServlet 'dispatcherServlet': initialization started
2019-02-14 09:07:09.046  INFO 14209 --- [http-nio-8081-exec-1] o.s.web.servlet.DispatcherServlet        : FrameworkServlet 'dispatcherServlet': initialization completed in 32 ms
2019-02-14 09:07:11.190 DEBUG 14209 --- [http-nio-8081-exec-3] c.h.a.m.s.m.S.findByLoginName            : ==>  Preparing: SELECT * FROM sys_user WHERE login_name=? and enabled!=3 
2019-02-14 09:07:11.220 DEBUG 14209 --- [http-nio-8081-exec-3] c.h.a.m.s.m.S.findByLoginName            : ==> Parameters: admin(String)
2019-02-14 09:07:11.307 DEBUG 14209 --- [http-nio-8081-exec-3] c.h.a.m.s.m.S.findByLoginName            : <==      Total: 1
2019-02-14 09:07:11.322 DEBUG 14209 --- [http-nio-8081-exec-3] c.h.a.m.s.m.S.findByLoginName            : ==>  Preparing: SELECT * FROM sys_user WHERE login_name=? and enabled!=3 
2019-02-14 09:07:11.323 DEBUG 14209 --- [http-nio-8081-exec-3] c.h.a.m.s.m.S.findByLoginName            : ==> Parameters: admin(String)
2019-02-14 09:07:11.326 DEBUG 14209 --- [http-nio-8081-exec-3] c.h.a.m.s.m.S.findByLoginName            : <==      Total: 1
2019-02-14 09:07:11.364 DEBUG 14209 --- [http-nio-8081-exec-3] c.h.a.m.s.m.S.findRoleByUserId           : ==>  Preparing: SELECT g.* FROM sys_role g LEFT JOIN sys_role_user gu ON g.id = gu.role_id WHERE gu.user_id=? group by gu.user_id order by create_time desc 
2019-02-14 09:07:11.366 DEBUG 14209 --- [http-nio-8081-exec-3] c.h.a.m.s.m.S.findRoleByUserId           : ==> Parameters: 1(Integer)
2019-02-14 09:07:11.385 DEBUG 14209 --- [http-nio-8081-exec-3] c.h.a.m.s.m.S.findRoleByUserId           : <==      Total: 1
2019-02-14 09:07:11.451 DEBUG 14209 --- [pool-1-thread-1] c.h.a.m.s.m.SysLoginLogMapper.insert     : ==>  Preparing: INSERT INTO sys_login_log ( log_name, user_id, succeed, ip, create_time, login_name ) VALUES ( ?, ?, ?, ?, ?, ? ) 
2019-02-14 09:07:11.453 DEBUG 14209 --- [pool-1-thread-1] c.h.a.m.s.m.SysLoginLogMapper.insert     : ==> Parameters: 登录日志(String), 1(Integer), 成功(String), 0:0:0:0:0:0:0:1(String), 2019-02-14 09:07:11.42(Timestamp), admin(String)
2019-02-14 09:07:11.474 DEBUG 14209 --- [pool-1-thread-1] c.h.a.m.s.m.SysLoginLogMapper.insert     : <==    Updates: 1
2019-02-14 09:07:11.513 DEBUG 14209 --- [http-nio-8081-exec-10] c.h.a.m.s.m.S.findPermissionByRoleIds    : ==>  Preparing: SELECT m1.id AS id, m1.icon AS icon, m1.CODE AS `code`, m1.select_def AS `selectDef`, (CASE WHEN (m1.PARENT_ID=-1 OR m1.PARENT_ID IS NULL) THEN 0 ELSE m1.PARENT_ID END) AS parentId, m1.title AS NAME, m1.href AS url, (CASE WHEN (m1.TYPE='menu') THEN 1 ELSE 0 END) AS menus, m1.order_num AS num FROM sys_menu m1 LEFT JOIN sys_menu m2 ON m2.id=m1.parent_id INNER JOIN ( SELECT ID FROM sys_menu WHERE ID IN ( SELECT rela.resource_id FROM sys_resource_role rela WHERE rela.role_id IN ( ? ) ))m3 ON m1.id=m3.id WHERE m1.TYPE='menu' AND m1.enabled=0 ORDER BY m1.order_num ASC 
2019-02-14 09:07:11.514 DEBUG 14209 --- [http-nio-8081-exec-10] c.h.a.m.s.m.S.findPermissionByRoleIds    : ==> Parameters: 1(Integer)
2019-02-14 09:07:11.525 DEBUG 14209 --- [http-nio-8081-exec-10] c.h.a.m.s.m.S.findPermissionByRoleIds    : <==      Total: 11
2019-02-14 09:07:11.527  INFO 14209 --- [http-nio-8081-exec-10] c.h.a.m.s.s.impl.SysMenuServiceImpl      : 资源=>[MenuNode{id=1, parentId=0, menus=1, name='系统管理', code='system', num=1, url='/system/', icon='wb-settings', children=[MenuNode{id=2, parentId=1, menus=1, name='用户管理', code='user', num=1, url='/user/', icon='fa-user', children=null, linkedList=[]}, MenuNode{id=9, parentId=1, menus=1, name='角色管理', code='sys_role', num=2, url='/role/', icon='fa-user-secret', children=null, linkedList=[]}, MenuNode{id=10, parentId=1, menus=1, name='部门管理', code='sys_dept', num=3, url='/dept/', icon='fa-street-view', children=null, linkedList=[]}, MenuNode{id=3, parentId=1, menus=1, name='菜单管理', code='menu', num=4, url='/menu/', icon='fa-bars', children=null, linkedList=[]}, MenuNode{id=11, parentId=1, menus=1, name='字典管理', code='dict', num=5, url='/dict/', icon='fa-file-text-o', children=null, linkedList=[]}, MenuNode{id=7, parentId=1, menus=1, name='系统设置', code='system_sys', num=6, url='/system/sys/', icon='fa-gear', children=[MenuNode{id=8, parentId=7, menus=1, name='系统日志', code='system_sys_log', num=0, url='/log/', icon='fa-file-text-o', children=null, linkedList=[]}, MenuNode{id=12, parentId=7, menus=1, name='登录日志', code='login_log', num=1, url='/loginLog/', icon='fa-file-text-o', children=null, linkedList=[]}], linkedList=[MenuNode{id=8, parentId=7, menus=1, name='系统日志', code='system_sys_log', num=0, url='/log/', icon='fa-file-text-o', children=null, linkedList=[]}, MenuNode{id=12, parentId=7, menus=1, name='登录日志', code='login_log', num=1, url='/loginLog/', icon='fa-file-text-o', children=null, linkedList=[]}]}], linkedList=[MenuNode{id=2, parentId=1, menus=1, name='用户管理', code='user', num=1, url='/user/', icon='fa-user', children=null, linkedList=[]}, MenuNode{id=9, parentId=1, menus=1, name='角色管理', code='sys_role', num=2, url='/role/', icon='fa-user-secret', children=null, linkedList=[]}, MenuNode{id=10, parentId=1, menus=1, name='部门管理', code='sys_dept', num=3, url='/dept/', icon='fa-street-view', children=null, linkedList=[]}, MenuNode{id=3, parentId=1, menus=1, name='菜单管理', code='menu', num=4, url='/menu/', icon='fa-bars', children=null, linkedList=[]}, MenuNode{id=11, parentId=1, menus=1, name='字典管理', code='dict', num=5, url='/dict/', icon='fa-file-text-o', children=null, linkedList=[]}, MenuNode{id=7, parentId=1, menus=1, name='系统设置', code='system_sys', num=6, url='/system/sys/', icon='fa-gear', children=[MenuNode{id=8, parentId=7, menus=1, name='系统日志', code='system_sys_log', num=0, url='/log/', icon='fa-file-text-o', children=null, linkedList=[]}, MenuNode{id=12, parentId=7, menus=1, name='登录日志', code='login_log', num=1, url='/loginLog/', icon='fa-file-text-o', children=null, linkedList=[]}], linkedList=[MenuNode{id=8, parentId=7, menus=1, name='系统日志', code='system_sys_log', num=0, url='/log/', icon='fa-file-text-o', children=null, linkedList=[]}, MenuNode{id=12, parentId=7, menus=1, name='登录日志', code='login_log', num=1, url='/loginLog/', icon='fa-file-text-o', children=null, linkedList=[]}]}]}, MenuNode{id=4, parentId=0, menus=1, name='图表管理', code='photo', num=1, url='/photo', icon='wb-pie-chart', children=[MenuNode{id=6, parentId=4, menus=1, name='测试图标', code='photo_test', num=1, url='/photo/add', icon='fa-bars', children=null, linkedList=[]}], linkedList=[MenuNode{id=6, parentId=4, menus=1, name='测试图标', code='photo_test', num=1, url='/photo/add', icon='fa-bars', children=null, linkedList=[]}]}]
2019-02-14 09:07:11.987 DEBUG 14209 --- [http-nio-8081-exec-7] c.h.a.m.s.m.S.findLoginCountByUserId     : ==>  Preparing: SELECT count(*) FROM sys_login_log where user_id=? 
2019-02-14 09:07:11.987 DEBUG 14209 --- [http-nio-8081-exec-7] c.h.a.m.s.m.S.findLoginCountByUserId     : ==> Parameters: 1(Integer)
2019-02-14 09:07:11.990 DEBUG 14209 --- [http-nio-8081-exec-7] c.h.a.m.s.m.S.findLoginCountByUserId     : <==      Total: 1
2019-02-14 09:07:11.991 DEBUG 14209 --- [http-nio-8081-exec-7] c.h.a.m.s.m.S.findNewLoginTimeByUserId   : ==>  Preparing: SELECT DATE_FORMAT(create_time,'%Y-%m-%d %H:%i:%s') FROM sys_login_log where user_id=? ORDER BY create_time desc limit 1 
2019-02-14 09:07:11.991 DEBUG 14209 --- [http-nio-8081-exec-7] c.h.a.m.s.m.S.findNewLoginTimeByUserId   : ==> Parameters: 1(Integer)
2019-02-14 09:07:11.994 DEBUG 14209 --- [http-nio-8081-exec-7] c.h.a.m.s.m.S.findNewLoginTimeByUserId   : <==      Total: 1
2019-02-14 09:22:41.825  INFO 14209 --- [Thread-34] ConfigServletWebServerApplicationContext : Closing org.springframework.boot.web.servlet.context.AnnotationConfigServletWebServerApplicationContext@666b83a4: startup date [Thu Feb 14 09:06:48 CST 2019]; root of context hierarchy
2019-02-14 09:22:41.834  INFO 14209 --- [Thread-34] o.s.j.e.a.AnnotationMBeanExporter        : Unregistering JMX-exposed beans on shutdown
2019-02-14 09:22:41.837  INFO 14209 --- [Thread-34] o.s.j.e.a.AnnotationMBeanExporter        : Unregistering JMX-exposed beans
2019-02-14 09:22:41.841  INFO 14209 --- [Thread-34] com.alibaba.druid.pool.DruidDataSource   : {dataSource-1} closed
